  [1m[35m (0.6ms)[0m  [1m[34mSELECT sqlite_version(*)[0m
  [1m[35m (0.1ms)[0m  [1m[34mSELECT "schema_migrations"."version" FROM "schema_migrations" ORDER BY "schema_migrations"."version" ASC[0m
  [1m[36mActiveRecord::InternalMetadata Load (0.1ms)[0m  [1m[34mSELECT "ar_internal_metadata".* FROM "ar_internal_metadata" WHERE "ar_internal_metadata"."key" = ? LIMIT ?[0m  [["key", "environment"], ["LIMIT", 1]]
  [1m[35m (0.0ms)[0m  [1m[34mSELECT sqlite_version(*)[0m
  [1m[35m (0.1ms)[0m  [1m[34mSELECT "schema_migrations"."version" FROM "schema_migrations" ORDER BY "schema_migrations"."version" ASC[0m
Started GET "/rails/info/routes" for 127.0.0.1 at 2020-10-20 14:58:50 -0400
  [1m[35m (0.2ms)[0m  [1m[34mSELECT sqlite_version(*)[0m
  [1m[35m (0.1ms)[0m  [1m[34mSELECT "schema_migrations"."version" FROM "schema_migrations" ORDER BY "schema_migrations"."version" ASC[0m
Processing by Rails::InfoController#routes as HTML
  Rendering /home/brewchetta/.rvm/gems/ruby-2.6.1/gems/railties-6.0.3.4/lib/rails/templates/rails/info/routes.html.erb within layouts/application
  Rendered collection of /home/brewchetta/.rvm/gems/ruby-2.6.1/gems/actionpack-6.0.3.4/lib/action_dispatch/middleware/templates/routes/_route.html.erb [27 times] (Duration: 4.1ms | Allocations: 3916)
  Rendered /home/brewchetta/.rvm/gems/ruby-2.6.1/gems/actionpack-6.0.3.4/lib/action_dispatch/middleware/templates/routes/_table.html.erb (Duration: 1.4ms | Allocations: 1189)
  Rendered /home/brewchetta/.rvm/gems/ruby-2.6.1/gems/railties-6.0.3.4/lib/rails/templates/rails/info/routes.html.erb within layouts/application (Duration: 7.5ms | Allocations: 7932)
Completed 200 OK in 14ms (Views: 9.9ms | ActiveRecord: 0.0ms | Allocations: 10835)


Started GET "/scary-movies/4" for 127.0.0.1 at 2020-10-20 14:59:24 -0400
Processing by ScaryMoviesController#show as HTML
  Parameters: {"id"=>"4"}
  [1m[36mScaryMovie Load (0.1ms)[0m  [1m[34mSELECT "scary_movies".* FROM "scary_movies" WHERE "scary_movies"."id" = ? LIMIT ?[0m  [["id", 4], ["LIMIT", 1]]
  ↳ app/controllers/scary_movies_controller.rb:34:in `find_movie'
  Rendering scary_movies/show.html.erb within layouts/application
  Rendered scary_movies/show.html.erb within layouts/application (Duration: 0.6ms | Allocations: 397)
Completed 200 OK in 35ms (Views: 27.2ms | ActiveRecord: 0.6ms | Allocations: 22395)


Started GET "/scary-movies" for 127.0.0.1 at 2020-10-20 14:59:25 -0400
Processing by ScaryMoviesController#index as HTML
  Rendering scary_movies/index.erb within layouts/application
  [1m[36mScaryMovie Load (0.2ms)[0m  [1m[34mSELECT "scary_movies".* FROM "scary_movies"[0m
  ↳ app/views/scary_movies/index.erb:2
  Rendered scary_movies/index.erb within layouts/application (Duration: 2.0ms | Allocations: 1063)
Completed 200 OK in 5ms (Views: 3.9ms | ActiveRecord: 0.2ms | Allocations: 3021)


Started GET "/scary-movies/5" for 127.0.0.1 at 2020-10-20 14:59:28 -0400
Processing by ScaryMoviesController#show as HTML
  Parameters: {"id"=>"5"}
  [1m[36mScaryMovie Load (0.2ms)[0m  [1m[34mSELECT "scary_movies".* FROM "scary_movies" WHERE "scary_movies"."id" = ? LIMIT ?[0m  [["id", 5], ["LIMIT", 1]]
  ↳ app/controllers/scary_movies_controller.rb:34:in `find_movie'
  Rendering scary_movies/show.html.erb within layouts/application
  Rendered scary_movies/show.html.erb within layouts/application (Duration: 0.8ms | Allocations: 179)
Completed 200 OK in 8ms (Views: 5.1ms | ActiveRecord: 0.2ms | Allocations: 2535)


Started DELETE "/scary-movies/5" for 127.0.0.1 at 2020-10-20 14:59:29 -0400
Processing by ScaryMoviesController#delete as HTML
  Parameters: {"authenticity_token"=>"0pIHEUfLDQvoBxHbH5bl49Qlpmg0UxYFd18Vpu/mu82fDi/yrsAWy+r3saBcdIjuwlRfECZOsirTZZSntt8fVg==", "id"=>"5"}
  [1m[36mScaryMovie Load (0.1ms)[0m  [1m[34mSELECT "scary_movies".* FROM "scary_movies" WHERE "scary_movies"."id" = ? LIMIT ?[0m  [["id", 5], ["LIMIT", 1]]
  ↳ app/controllers/scary_movies_controller.rb:34:in `find_movie'
Redirected to http://localhost:3000/scary-movies/5
Completed 302 Found in 2ms (ActiveRecord: 0.1ms | Allocations: 975)


Started GET "/scary-movies/5" for 127.0.0.1 at 2020-10-20 14:59:29 -0400
Processing by ScaryMoviesController#show as HTML
  Parameters: {"id"=>"5"}
  [1m[36mScaryMovie Load (0.1ms)[0m  [1m[34mSELECT "scary_movies".* FROM "scary_movies" WHERE "scary_movies"."id" = ? LIMIT ?[0m  [["id", 5], ["LIMIT", 1]]
  ↳ app/controllers/scary_movies_controller.rb:34:in `find_movie'
  Rendering scary_movies/show.html.erb within layouts/application
  Rendered scary_movies/show.html.erb within layouts/application (Duration: 0.3ms | Allocations: 177)
Completed 200 OK in 3ms (Views: 1.5ms | ActiveRecord: 0.1ms | Allocations: 2519)


Started DELETE "/scary-movies/5" for 127.0.0.1 at 2020-10-20 14:59:31 -0400
Processing by ScaryMoviesController#delete as HTML
  Parameters: {"authenticity_token"=>"z6tJieWQpmHSwnAqkJwlylHDYHK5j5uHF3IYWOpqiymCN2FqDJu9odAy0FHTfkjHR7KZCquSP6izSJlZs1Mvsg==", "id"=>"5"}
  [1m[36mScaryMovie Load (0.2ms)[0m  [1m[34mSELECT "scary_movies".* FROM "scary_movies" WHERE "scary_movies"."id" = ? LIMIT ?[0m  [["id", 5], ["LIMIT", 1]]
  ↳ app/controllers/scary_movies_controller.rb:34:in `find_movie'
Redirected to http://localhost:3000/scary-movies/5
Completed 302 Found in 4ms (ActiveRecord: 0.2ms | Allocations: 961)


Started GET "/scary-movies/5" for 127.0.0.1 at 2020-10-20 14:59:31 -0400
Processing by ScaryMoviesController#show as HTML
  Parameters: {"id"=>"5"}
  [1m[36mScaryMovie Load (0.2ms)[0m  [1m[34mSELECT "scary_movies".* FROM "scary_movies" WHERE "scary_movies"."id" = ? LIMIT ?[0m  [["id", 5], ["LIMIT", 1]]
  ↳ app/controllers/scary_movies_controller.rb:34:in `find_movie'
  Rendering scary_movies/show.html.erb within layouts/application
  Rendered scary_movies/show.html.erb within layouts/application (Duration: 0.6ms | Allocations: 178)
Completed 200 OK in 6ms (Views: 3.6ms | ActiveRecord: 0.2ms | Allocations: 2516)


Started DELETE "/scary-movies/5" for 127.0.0.1 at 2020-10-20 14:59:31 -0400
Processing by ScaryMoviesController#delete as HTML
  Parameters: {"authenticity_token"=>"7moquKLfJOUDcHjusfh7Q/eT7dRNNTkaX3csmfI7fjSj9gJbS9Q/JQGA2JXyGhZO4eIUrF8onTX7Ta2YqwLarw==", "id"=>"5"}
  [1m[36mScaryMovie Load (0.2ms)[0m  [1m[34mSELECT "scary_movies".* FROM "scary_movies" WHERE "scary_movies"."id" = ? LIMIT ?[0m  [["id", 5], ["LIMIT", 1]]
  ↳ app/controllers/scary_movies_controller.rb:34:in `find_movie'
Redirected to http://localhost:3000/scary-movies/5
Completed 302 Found in 4ms (ActiveRecord: 0.2ms | Allocations: 955)


Started GET "/scary-movies/5" for 127.0.0.1 at 2020-10-20 14:59:31 -0400
Processing by ScaryMoviesController#show as HTML
  Parameters: {"id"=>"5"}
  [1m[36mScaryMovie Load (0.1ms)[0m  [1m[34mSELECT "scary_movies".* FROM "scary_movies" WHERE "scary_movies"."id" = ? LIMIT ?[0m  [["id", 5], ["LIMIT", 1]]
  ↳ app/controllers/scary_movies_controller.rb:34:in `find_movie'
  Rendering scary_movies/show.html.erb within layouts/application
  Rendered scary_movies/show.html.erb within layouts/application (Duration: 0.4ms | Allocations: 177)
Completed 200 OK in 4ms (Views: 2.3ms | ActiveRecord: 0.1ms | Allocations: 2514)


Started GET "/scary-movies" for 127.0.0.1 at 2020-10-20 14:59:32 -0400
Processing by ScaryMoviesController#index as HTML
  Rendering scary_movies/index.erb within layouts/application
  [1m[36mScaryMovie Load (0.1ms)[0m  [1m[34mSELECT "scary_movies".* FROM "scary_movies"[0m
  ↳ app/views/scary_movies/index.erb:2
  Rendered scary_movies/index.erb within layouts/application (Duration: 1.2ms | Allocations: 848)
Completed 200 OK in 3ms (Views: 2.7ms | ActiveRecord: 0.1ms | Allocations: 2636)


Started GET "/scary-movies" for 127.0.0.1 at 2020-10-20 14:59:51 -0400
Processing by ScaryMoviesController#index as HTML
  Rendering scary_movies/index.erb within layouts/application
  [1m[36mScaryMovie Load (0.1ms)[0m  [1m[34mSELECT "scary_movies".* FROM "scary_movies"[0m
  ↳ app/views/scary_movies/index.erb:2
  Rendered scary_movies/index.erb within layouts/application (Duration: 0.9ms | Allocations: 849)
Completed 200 OK in 3ms (Views: 2.1ms | ActiveRecord: 0.1ms | Allocations: 2642)


Started GET "/scary-movies/4" for 127.0.0.1 at 2020-10-20 14:59:54 -0400
Processing by ScaryMoviesController#show as HTML
  Parameters: {"id"=>"4"}
  [1m[36mScaryMovie Load (0.1ms)[0m  [1m[34mSELECT "scary_movies".* FROM "scary_movies" WHERE "scary_movies"."id" = ? LIMIT ?[0m  [["id", 4], ["LIMIT", 1]]
  ↳ app/controllers/scary_movies_controller.rb:34:in `find_movie'
  Rendering scary_movies/show.html.erb within layouts/application
  Rendered scary_movies/show.html.erb within layouts/application (Duration: 0.3ms | Allocations: 177)
Completed 200 OK in 3ms (Views: 1.8ms | ActiveRecord: 0.1ms | Allocations: 2515)


Started DELETE "/scary-movies/4" for 127.0.0.1 at 2020-10-20 14:59:55 -0400
Processing by ScaryMoviesController#delete as HTML
  Parameters: {"authenticity_token"=>"KOYV1Jt3/qA95KM/N6KYto+7mQfdoBROkcRm//LRfGZ9uf2swbxpuYM00cBttTLy4FcuXlpU8zm/jiXz1xCCVA==", "id"=>"4"}
  [1m[36mScaryMovie Load (0.2ms)[0m  [1m[34mSELECT "scary_movies".* FROM "scary_movies" WHERE "scary_movies"."id" = ? LIMIT ?[0m  [["id", 4], ["LIMIT", 1]]
  ↳ app/controllers/scary_movies_controller.rb:34:in `find_movie'
Redirected to http://localhost:3000/scary-movies/4
Completed 302 Found in 4ms (ActiveRecord: 0.2ms | Allocations: 951)


Started GET "/scary-movies/4" for 127.0.0.1 at 2020-10-20 14:59:55 -0400
Processing by ScaryMoviesController#show as HTML
  Parameters: {"id"=>"4"}
  [1m[36mScaryMovie Load (0.1ms)[0m  [1m[34mSELECT "scary_movies".* FROM "scary_movies" WHERE "scary_movies"."id" = ? LIMIT ?[0m  [["id", 4], ["LIMIT", 1]]
  ↳ app/controllers/scary_movies_controller.rb:34:in `find_movie'
  Rendering scary_movies/show.html.erb within layouts/application
  Rendered scary_movies/show.html.erb within layouts/application (Duration: 0.4ms | Allocations: 177)
Completed 200 OK in 5ms (Views: 2.8ms | ActiveRecord: 0.1ms | Allocations: 2514)


Started DELETE "/scary-movies/4" for 127.0.0.1 at 2020-10-20 15:01:45 -0400
  [1m[35m (0.2ms)[0m  [1m[34mSELECT sqlite_version(*)[0m
  [1m[35m (0.1ms)[0m  [1m[34mSELECT "schema_migrations"."version" FROM "schema_migrations" ORDER BY "schema_migrations"."version" ASC[0m
Processing by ScaryMoviesController#delete as HTML
  Parameters: {"authenticity_token"=>"cV7HkbNmx/govqv7vSC2vtAyWHGQ9h7uF8tWLWrOQw4kAS/p6a1Q4ZZu2QTnNxz6v97vKBcC+Zk5gRUhTw+9PA==", "id"=>"4"}
  [1m[36mScaryMovie Load (0.1ms)[0m  [1m[34mSELECT "scary_movies".* FROM "scary_movies" WHERE "scary_movies"."id" = ? LIMIT ?[0m  [["id", 4], ["LIMIT", 1]]
  ↳ app/controllers/scary_movies_controller.rb:34:in `find_movie'
Redirected to http://localhost:3000/scary-movies
Completed 302 Found in 9ms (ActiveRecord: 0.6ms | Allocations: 5688)


Started GET "/scary-movies" for 127.0.0.1 at 2020-10-20 15:01:45 -0400
Processing by ScaryMoviesController#index as HTML
  Rendering scary_movies/index.erb within layouts/application
  [1m[36mScaryMovie Load (0.1ms)[0m  [1m[34mSELECT "scary_movies".* FROM "scary_movies"[0m
  ↳ app/views/scary_movies/index.erb:2
  Rendered scary_movies/index.erb within layouts/application (Duration: 1.6ms | Allocations: 1208)
Completed 200 OK in 8ms (Views: 7.0ms | ActiveRecord: 0.1ms | Allocations: 7202)


Started GET "/scary-movies/4" for 127.0.0.1 at 2020-10-20 15:01:46 -0400
Processing by ScaryMoviesController#show as HTML
  Parameters: {"id"=>"4"}
  [1m[36mScaryMovie Load (0.1ms)[0m  [1m[34mSELECT "scary_movies".* FROM "scary_movies" WHERE "scary_movies"."id" = ? LIMIT ?[0m  [["id", 4], ["LIMIT", 1]]
  ↳ app/controllers/scary_movies_controller.rb:34:in `find_movie'
  Rendering scary_movies/show.html.erb within layouts/application
  Rendered scary_movies/show.html.erb within layouts/application (Duration: 0.9ms | Allocations: 351)
Completed 200 OK in 6ms (Views: 3.5ms | ActiveRecord: 0.1ms | Allocations: 2810)


Started DELETE "/scary-movies/4" for 127.0.0.1 at 2020-10-20 15:02:07 -0400
  [1m[35m (0.1ms)[0m  [1m[34mSELECT sqlite_version(*)[0m
Processing by ScaryMoviesController#delete as HTML
  Parameters: {"authenticity_token"=>"m9dVUwQt8JNVFeJJ5ytJHmn90jX+7HFRMNOOnNFGvqPOiL0rXuZniuvFkLa9PONaBhFlbHkYliYemc2Q9IdAkQ==", "id"=>"4"}
  [1m[36mScaryMovie Load (0.1ms)[0m  [1m[34mSELECT "scary_movies".* FROM "scary_movies" WHERE "scary_movies"."id" = ? LIMIT ?[0m  [["id", 4], ["LIMIT", 1]]
  ↳ app/controllers/scary_movies_controller.rb:35:in `find_movie'
  [1m[35m (0.1ms)[0m  [1m[36mbegin transaction[0m
  ↳ (byebug):1:in `delete'
  [1m[36mScaryMovie Create (0.6ms)[0m  [1m[32mINSERT INTO "scary_movies" ("title", "scariness_rating", "created_at", "updated_at") VALUES (?, ?, ?, ?)[0m  [["title", "The Blob"], ["scariness_rating", 1], ["created_at", "2020-10-20 19:35:19.780043"], ["updated_at", "2020-10-20 19:35:19.780043"]]
  ↳ (byebug):1:in `delete'
  [1m[35m (92.2ms)[0m  [1m[36mcommit transaction[0m
  ↳ (byebug):1:in `delete'
  [1m[35m (0.1ms)[0m  [1m[36mbegin transaction[0m
  ↳ (byebug):1:in `delete'
  [1m[36mScaryMovie Create (0.2ms)[0m  [1m[32mINSERT INTO "scary_movies" ("title", "scariness_rating", "created_at", "updated_at") VALUES (?, ?, ?, ?)[0m  [["title", "The Blarb"], ["scariness_rating", 2], ["created_at", "2020-10-20 19:35:35.450167"], ["updated_at", "2020-10-20 19:35:35.450167"]]
  ↳ (byebug):1:in `delete'
  [1m[35m (90.5ms)[0m  [1m[36mcommit transaction[0m
  ↳ (byebug):1:in `delete'
  [1m[35m (0.1ms)[0m  [1m[36mbegin transaction[0m
  ↳ (byebug):1:in `delete'
  [1m[36mScaryMovie Destroy (0.6ms)[0m  [1m[31mDELETE FROM "scary_movies" WHERE "scary_movies"."id" = ?[0m  [["id", 7]]
  ↳ (byebug):1:in `delete'
  [1m[35m (75.4ms)[0m  [1m[36mcommit transaction[0m
  ↳ (byebug):1:in `delete'
  [1m[36mScaryMovie Destroy (79.3ms)[0m  [1m[31mDELETE FROM "scary_movies" WHERE "scary_movies"."id" = ?[0m  [["id", 8]]
  ↳ (byebug):1:in `delete'
Completed 500 Internal Server Error in 2059902ms (ActiveRecord: 340.0ms | Allocations: 786671)


  
SystemExit (exit):
  
(byebug):1:in `exit'
(byebug):1:in `delete'
app/controllers/scary_movies_controller.rb:29:in `delete'
Started GET "/scary-movies/4" for 127.0.0.1 at 2020-10-20 15:37:48 -0400
  [1m[35m (0.7ms)[0m  [1m[34mSELECT sqlite_version(*)[0m
Processing by ScaryMoviesController#show as HTML
  Parameters: {"id"=>"4"}
  [1m[36mScaryMovie Load (4.0ms)[0m  [1m[34mSELECT "scary_movies".* FROM "scary_movies" WHERE "scary_movies"."id" = ? LIMIT ?[0m  [["id", 4], ["LIMIT", 1]]
  ↳ app/controllers/scary_movies_controller.rb:35:in `find_movie'
  Rendering scary_movies/show.html.erb within layouts/application
  Rendered scary_movies/show.html.erb within layouts/application (Duration: 12.3ms | Allocations: 106219)
Started GET "/scary-movies/4" for 127.0.0.1 at 2020-10-20 15:37:50 -0400
Completed 200 OK in 186ms (Views: 74.0ms | ActiveRecord: 16.2ms | Allocations: 2053014)


  [1m[35m (0.9ms)[0m  [1m[34mSELECT sqlite_version(*)[0m
Processing by ScaryMoviesController#show as HTML
  Parameters: {"id"=>"4"}
Started GET "/scary-movies/4" for 127.0.0.1 at 2020-10-20 15:37:51 -0400
  [1m[36mScaryMovie Load (1.0ms)[0m  [1m[34mSELECT "scary_movies".* FROM "scary_movies" WHERE "scary_movies"."id" = ? LIMIT ?[0m  [["id", 4], ["LIMIT", 1]]
  ↳ app/controllers/scary_movies_controller.rb:35:in `find_movie'
  Rendering scary_movies/show.html.erb within layouts/application
  Rendered scary_movies/show.html.erb within layouts/application (Duration: 10.3ms | Allocations: 111854)
  [1m[35m (3.7ms)[0m  [1m[34mSELECT sqlite_version(*)[0m
Processing by ScaryMoviesController#show as HTML
  Parameters: {"id"=>"4"}
  [1m[36mScaryMovie Load (0.9ms)[0m  [1m[34mSELECT "scary_movies".* FROM "scary_movies" WHERE "scary_movies"."id" = ? LIMIT ?[0m  [["id", 4], ["LIMIT", 1]]
  ↳ app/controllers/scary_movies_controller.rb:35:in `find_movie'
  Rendering scary_movies/show.html.erb within layouts/application
  Rendered scary_movies/show.html.erb within layouts/application (Duration: 11.1ms | Allocations: 111843)
Completed 200 OK in 285ms (Views: 158.6ms | ActiveRecord: 7.8ms | Allocations: 3012178)


Completed 200 OK in 135ms (Views: 103.5ms | ActiveRecord: 0.9ms | Allocations: 1402413)


Started DELETE "/scary-movies/4" for 127.0.0.1 at 2020-10-20 15:37:54 -0400
Processing by ScaryMoviesController#delete as HTML
  Parameters: {"authenticity_token"=>"aWvXyKg1XC9EKLSrm+ogpt3b7RBthXMAUpTgQss6lOQ8ND+w8v7LNvr4xlTB/YrisjdaSepxlHd83qNO7vtq1g==", "id"=>"4"}
  [1m[36mScaryMovie Load (3.3ms)[0m  [1m[34mSELECT "scary_movies".* FROM "scary_movies" WHERE "scary_movies"."id" = ? LIMIT ?[0m  [["id", 4], ["LIMIT", 1]]
  ↳ app/controllers/scary_movies_controller.rb:35:in `find_movie'
  [1m[36mScaryMovie Destroy (73.8ms)[0m  [1m[31mDELETE FROM "scary_movies" WHERE "scary_movies"."id" = ?[0m  [["id", 4]]
  ↳ app/controllers/scary_movies_controller.rb:28:in `delete'
Redirected to http://localhost:3000/scary-movies
Completed 302 Found in 173ms (ActiveRecord: 77.1ms | Allocations: 803614)


Started GET "/scary-movies" for 127.0.0.1 at 2020-10-20 15:37:54 -0400
Processing by ScaryMoviesController#index as HTML
  Rendering scary_movies/index.erb within layouts/application
  [1m[36mScaryMovie Load (1.2ms)[0m  [1m[34mSELECT "scary_movies".* FROM "scary_movies"[0m
  ↳ app/views/scary_movies/index.erb:2
  Rendered scary_movies/index.erb within layouts/application (Duration: 37.3ms | Allocations: 372819)
Completed 200 OK in 102ms (Views: 81.8ms | ActiveRecord: 1.2ms | Allocations: 1011943)


Started GET "/scary-movies/6" for 127.0.0.1 at 2020-10-20 15:38:14 -0400
Processing by ScaryMoviesController#show as HTML
  Parameters: {"id"=>"6"}
  [1m[36mScaryMovie Load (1.0ms)[0m  [1m[34mSELECT "scary_movies".* FROM "scary_movies" WHERE "scary_movies"."id" = ? LIMIT ?[0m  [["id", 6], ["LIMIT", 1]]
  ↳ app/controllers/scary_movies_controller.rb:35:in `find_movie'
  Rendering scary_movies/show.html.erb within layouts/application
  Rendered scary_movies/show.html.erb within layouts/application (Duration: 10.3ms | Allocations: 114660)
Completed 200 OK in 90ms (Views: 56.7ms | ActiveRecord: 1.0ms | Allocations: 913850)


